2020-06-13 21:40:42.840 [main-26] INFO  com.sh.stt.util.PropertiesReader.readProperties - 读取项目配置文件
2020-06-13 21:40:42.871 [TestNG-tests-1-22] INFO  com.sh.stt.listener.LogListener.onStart - ====================www-selenium开始====================
2020-06-13 21:40:42.871 [TestNG-tests-1-22] INFO  com.sh.stt.listener.LogListener.onStart - ====================www-selenium开始====================
2020-06-13 21:40:56.310 [TestNG-tests-1-167] INFO  com.sh.stt.base.BaseDriver.startBrowser - 浏览器：chrome 成功启动！
2020-06-13 21:40:58.618 [TestNG-tests-1-37] INFO  com.sh.stt.testcase.index.HLIndexTest.beforeMethod - 进入 黑龙江门户首页 页面
2020-06-13 21:40:58.867 [TestNG-tests-1-33] INFO  com.sh.stt.listener.LogListener.onTestStart - ========com.sh.stt.testcase.index.HLIndexTest.mobileListTest测试开始========
2020-06-13 21:40:58.936 [TestNG-tests-1-33] INFO  com.sh.stt.listener.LogListener.onTestStart - ========com.sh.stt.testcase.index.HLIndexTest.mobileListTest测试开始========
2020-06-13 21:40:58.936 [TestNG-tests-1-264] INFO  com.sh.stt.testcase.index.HLIndexTest.mobileListTest - 3F 手机专区
2020-06-13 21:41:11.020 [TestNG-tests-1-55] ERROR com.sh.stt.listener.LogListener.onTestFailure - ========com.sh.stt.testcase.index.HLIndexTest.mobileListTest测试失败,失败原因如下：
java.lang.Throwable========
2020-06-13 21:41:11.023 [TestNG-tests-1-32] INFO  com.sh.stt.util.ScreenshotUtil.capture - 开始截图
2020-06-13 21:41:11.773 [TestNG-tests-1-55] ERROR com.sh.stt.listener.LogListener.onTestFailure - ========com.sh.stt.testcase.index.HLIndexTest.mobileListTest测试失败,失败原因如下：
java.lang.Throwable========
2020-06-13 21:41:11.773 [TestNG-tests-1-32] INFO  com.sh.stt.util.ScreenshotUtil.capture - 开始截图
2020-06-13 21:41:15.200 [TestNG-tests-1-200] INFO  com.sh.stt.base.BaseDriver.closeBrowser - chrome浏览器已成功关闭！
2020-06-13 21:41:15.200 [TestNG-tests-1-79] INFO  com.sh.stt.listener.LogListener.onFinish - ====================www-selenium结束====================
2020-06-13 21:41:15.215 [TestNG-tests-1-79] INFO  com.sh.stt.listener.LogListener.onFinish - ====================www-selenium结束====================
2020-06-13 21:41:15.231 [main-53] INFO  com.sh.stt.listener.ExtentTestReporterListener.generateReport - 开始产生 extentreports 测试报告
2020-06-13 21:42:35.372 [main-26] INFO  com.sh.stt.util.PropertiesReader.readProperties - 读取项目配置文件
2020-06-13 21:42:35.388 [TestNG-tests-1-22] INFO  com.sh.stt.listener.LogListener.onStart - ====================www-selenium开始====================
2020-06-13 21:42:35.388 [TestNG-tests-1-22] INFO  com.sh.stt.listener.LogListener.onStart - ====================www-selenium开始====================
2020-06-13 21:42:47.420 [TestNG-tests-1-167] INFO  com.sh.stt.base.BaseDriver.startBrowser - 浏览器：chrome 成功启动！
2020-06-13 21:42:49.443 [TestNG-tests-1-37] INFO  com.sh.stt.testcase.index.HLIndexTest.beforeMethod - 进入 黑龙江门户首页 页面
2020-06-13 21:42:49.570 [TestNG-tests-1-33] INFO  com.sh.stt.listener.LogListener.onTestStart - ========com.sh.stt.testcase.index.HLIndexTest.bottomListTest测试开始========
2020-06-13 21:42:49.570 [TestNG-tests-1-33] INFO  com.sh.stt.listener.LogListener.onTestStart - ========com.sh.stt.testcase.index.HLIndexTest.bottomListTest测试开始========
2020-06-13 21:42:49.611 [TestNG-tests-1-281] INFO  com.sh.stt.testcase.index.HLIndexTest.bottomListTest - 底部链接区
2020-06-13 21:45:18.966 [TestNG-tests-1-55] ERROR com.sh.stt.listener.LogListener.onTestFailure - ========com.sh.stt.testcase.index.HLIndexTest.bottomListTest测试失败,失败原因如下：
java.lang.Throwable========
2020-06-13 21:45:18.970 [TestNG-tests-1-32] INFO  com.sh.stt.util.ScreenshotUtil.capture - 开始截图
2020-06-13 21:45:19.624 [TestNG-tests-1-55] ERROR com.sh.stt.listener.LogListener.onTestFailure - ========com.sh.stt.testcase.index.HLIndexTest.bottomListTest测试失败,失败原因如下：
java.lang.Throwable========
2020-06-13 21:45:19.624 [TestNG-tests-1-32] INFO  com.sh.stt.util.ScreenshotUtil.capture - 开始截图
2020-06-13 21:45:23.832 [TestNG-tests-1-200] INFO  com.sh.stt.base.BaseDriver.closeBrowser - chrome浏览器已成功关闭！
2020-06-13 21:45:23.832 [TestNG-tests-1-79] INFO  com.sh.stt.listener.LogListener.onFinish - ====================www-selenium结束====================
2020-06-13 21:45:23.832 [TestNG-tests-1-79] INFO  com.sh.stt.listener.LogListener.onFinish - ====================www-selenium结束====================
2020-06-13 21:45:23.848 [main-53] INFO  com.sh.stt.listener.ExtentTestReporterListener.generateReport - 开始产生 extentreports 测试报告
2020-06-16 11:08:59.992 [main-26] INFO  com.sh.stt.util.PropertiesReader.readProperties - 读取项目配置文件
2020-06-16 11:09:00.003 [main-22] INFO  com.sh.stt.listener.LogListener.onStart - ====================www-selenium开始====================
2020-06-16 11:09:11.743 [main-167] INFO  com.sh.stt.base.BaseDriver.startBrowser - 浏览器：chrome 成功启动！
2020-06-16 11:09:13.480 [main-40] INFO  com.sh.stt.testcase.fee.AHFeeTest.beforeMethod - 进入 安徽资费专区 页面
2020-06-16 11:09:13.623 [main-33] INFO  com.sh.stt.listener.LogListener.onTestStart - ========com.sh.stt.testcase.fee.AHFeeTest.feeContentListTest测试开始========
2020-06-16 11:10:20.441 [main-26] INFO  com.sh.stt.util.PropertiesReader.readProperties - 读取项目配置文件
2020-06-16 11:10:20.450 [main-22] INFO  com.sh.stt.listener.LogListener.onStart - ====================www-selenium开始====================
2020-06-16 11:10:20.451 [main-22] INFO  com.sh.stt.listener.LogListener.onStart - ====================www-selenium开始====================
2020-06-16 11:10:31.607 [main-167] INFO  com.sh.stt.base.BaseDriver.startBrowser - 浏览器：chrome 成功启动！
2020-06-16 11:10:32.763 [main-43] INFO  com.sh.stt.testcase.common.IndexCommonTest.beforeMethod - 进入 门户首页 页面
2020-06-16 11:10:32.944 [main-33] INFO  com.sh.stt.listener.LogListener.onTestStart - ========com.sh.stt.testcase.common.IndexCommonTest.headListTest测试开始========
2020-06-16 11:10:32.945 [main-33] INFO  com.sh.stt.listener.LogListener.onTestStart - ========com.sh.stt.testcase.common.IndexCommonTest.headListTest测试开始========
2020-06-16 11:10:33.039 [main-52] INFO  com.sh.stt.testcase.common.IndexCommonTest.headListTest - 页头
