2020-06-09 16:45:11.895 [main-26] INFO  com.sh.stt.util.PropertiesReader.readProperties - 读取项目配置文件
2020-06-09 16:45:11.928 [main-22] INFO  com.sh.stt.listener.LogListener.onStart - ====================www-selenium开始====================
2020-06-09 16:45:23.935 [main-167] INFO  com.sh.stt.base.BaseDriver.startBrowser - 浏览器：chrome 成功启动！
2020-06-09 16:45:25.175 [main-43] INFO  com.sh.stt.testcase.webNotice.LinksTest.beforeClass - 进入 网站信息--友情链接 页面
2020-06-09 16:45:25.189 [main-33] INFO  com.sh.stt.listener.LogListener.onTestStart - ========com.sh.stt.testcase.webNotice.LinksTest.linksListTest测试开始========
2020-06-09 19:53:07.098 [main-26] INFO  com.sh.stt.util.PropertiesReader.readProperties - 读取项目配置文件
2020-06-09 19:53:07.109 [main-22] INFO  com.sh.stt.listener.LogListener.onStart - ====================www-selenium开始====================
2020-06-09 19:53:22.469 [main-167] INFO  com.sh.stt.base.BaseDriver.startBrowser - 浏览器：chrome 成功启动！
2020-06-09 19:53:23.935 [main-43] INFO  com.sh.stt.testcase.aboutus.gkml.BNBTest.beforeClass - 进入 关于中国移动--信息公开--公开目录--企业业务发展 页面
2020-06-09 19:53:23.945 [main-33] INFO  com.sh.stt.listener.LogListener.onTestStart - ========com.sh.stt.testcase.aboutus.gkml.BNBTest.bnbListTest测试开始========
2020-06-09 19:53:23.985 [main-52] INFO  com.sh.stt.testcase.aboutus.gkml.BNBTest.bnbListTest - 中期报告
2020-06-09 19:54:22.062 [main-26] INFO  com.sh.stt.util.PropertiesReader.readProperties - 读取项目配置文件
2020-06-09 19:54:22.076 [main-22] INFO  com.sh.stt.listener.LogListener.onStart - ====================www-selenium开始====================
2020-06-09 19:54:34.238 [main-167] INFO  com.sh.stt.base.BaseDriver.startBrowser - 浏览器：chrome 成功启动！
2020-06-09 19:54:35.360 [main-44] INFO  com.sh.stt.testcase.aboutus.gkml.EquipmentMaterialTest.beforeClass - 进入 关于中国移动--信息公开--公开目录--设备物资采购 页面
2020-06-09 19:54:35.373 [main-33] INFO  com.sh.stt.listener.LogListener.onTestStart - ========com.sh.stt.testcase.aboutus.gkml.EquipmentMaterialTest.equipmentMaterialListTest测试开始========
2020-06-09 19:54:49.918 [main-44] INFO  com.sh.stt.listener.LogListener.onTestSuccess - ========com.sh.stt.testcase.aboutus.gkml.EquipmentMaterialTest.equipmentMaterialListTest测试通过========
2020-06-09 19:54:53.421 [main-200] INFO  com.sh.stt.base.BaseDriver.closeBrowser - chrome浏览器已成功关闭！
2020-06-09 19:54:53.421 [main-79] INFO  com.sh.stt.listener.LogListener.onFinish - ====================www-selenium结束====================
2020-06-09 19:55:11.134 [main-26] INFO  com.sh.stt.util.PropertiesReader.readProperties - 读取项目配置文件
2020-06-09 19:55:11.146 [main-22] INFO  com.sh.stt.listener.LogListener.onStart - ====================www-selenium开始====================
2020-06-09 19:55:22.829 [main-167] INFO  com.sh.stt.base.BaseDriver.startBrowser - 浏览器：chrome 成功启动！
2020-06-09 19:55:31.608 [main-43] INFO  com.sh.stt.testcase.aboutus.gkml.JDSJTest.beforeClass - 进入 关于中国移动--信息公开--公开目录--企业业务发展 页面
2020-06-09 19:55:31.622 [main-33] INFO  com.sh.stt.listener.LogListener.onTestStart - ========com.sh.stt.testcase.aboutus.gkml.JDSJTest.jdsjListTest测试开始========
2020-06-09 19:55:31.764 [main-52] INFO  com.sh.stt.testcase.aboutus.gkml.JDSJTest.jdsjListTest - 季度经营数据
2020-06-09 19:56:18.709 [main-26] INFO  com.sh.stt.util.PropertiesReader.readProperties - 读取项目配置文件
2020-06-09 19:56:18.718 [main-22] INFO  com.sh.stt.listener.LogListener.onStart - ====================www-selenium开始====================
2020-06-09 19:56:30.403 [main-167] INFO  com.sh.stt.base.BaseDriver.startBrowser - 浏览器：chrome 成功启动！
2020-06-09 19:56:31.546 [main-43] INFO  com.sh.stt.testcase.aboutus.gkml.NBTest.beforeClass - 进入 关于中国移动--信息公开--公开目录--企业业务发展 页面
2020-06-09 19:56:31.559 [main-33] INFO  com.sh.stt.listener.LogListener.onTestStart - ========com.sh.stt.testcase.aboutus.gkml.NBTest.nbListTest测试开始========
2020-06-09 19:56:31.673 [main-52] INFO  com.sh.stt.testcase.aboutus.gkml.NBTest.nbListTest - 年报
2020-06-09 19:57:24.303 [main-26] INFO  com.sh.stt.util.PropertiesReader.readProperties - 读取项目配置文件
2020-06-09 19:57:24.312 [main-22] INFO  com.sh.stt.listener.LogListener.onStart - ====================www-selenium开始====================
2020-06-09 19:57:35.896 [main-167] INFO  com.sh.stt.base.BaseDriver.startBrowser - 浏览器：chrome 成功启动！
2020-06-09 19:57:37.602 [main-35] INFO  com.sh.stt.testcase.cishan.CiShanTest.beforeClass - 进入 慈善基金会 页面
2020-06-09 19:57:37.622 [main-33] INFO  com.sh.stt.listener.LogListener.onTestStart - ========com.sh.stt.testcase.cishan.CiShanTest.csLinkListTest测试开始========
2020-06-09 19:57:37.717 [main-61] INFO  com.sh.stt.testcase.cishan.CiShanTest.csLinkListTest - 友情链接
2020-06-09 19:58:34.031 [main-26] INFO  com.sh.stt.util.PropertiesReader.readProperties - 读取项目配置文件
2020-06-09 19:58:34.040 [main-22] INFO  com.sh.stt.listener.LogListener.onStart - ====================www-selenium开始====================
2020-06-09 19:58:45.894 [main-167] INFO  com.sh.stt.base.BaseDriver.startBrowser - 浏览器：chrome 成功启动！
2020-06-09 19:58:47.351 [main-35] INFO  com.sh.stt.testcase.cishan.CiShanTest.beforeClass - 进入 慈善基金会 页面
2020-06-09 19:58:47.371 [main-33] INFO  com.sh.stt.listener.LogListener.onTestStart - ========com.sh.stt.testcase.cishan.CiShanTest.headNavListTest测试开始========
2020-06-09 19:58:47.444 [main-44] INFO  com.sh.stt.testcase.cishan.CiShanTest.headNavListTest - 页头导航区
2020-06-09 19:59:06.864 [main-44] INFO  com.sh.stt.listener.LogListener.onTestSuccess - ========com.sh.stt.testcase.cishan.CiShanTest.headNavListTest测试通过========
2020-06-09 19:59:09.887 [main-200] INFO  com.sh.stt.base.BaseDriver.closeBrowser - chrome浏览器已成功关闭！
2020-06-09 19:59:09.906 [main-79] INFO  com.sh.stt.listener.LogListener.onFinish - ====================www-selenium结束====================
2020-06-09 19:59:32.711 [main-26] INFO  com.sh.stt.util.PropertiesReader.readProperties - 读取项目配置文件
2020-06-09 19:59:32.721 [main-22] INFO  com.sh.stt.listener.LogListener.onStart - ====================www-selenium开始====================
2020-06-09 19:59:44.295 [main-167] INFO  com.sh.stt.base.BaseDriver.startBrowser - 浏览器：chrome 成功启动！
2020-06-09 19:59:47.473 [main-41] INFO  com.sh.stt.testcase.common.IndexCommonTest.beforeClass - 进入 门户首页 页面
2020-06-09 19:59:47.499 [main-33] INFO  com.sh.stt.listener.LogListener.onTestStart - ========com.sh.stt.testcase.common.IndexCommonTest.headListTest测试开始========
2020-06-09 19:59:47.611 [main-50] INFO  com.sh.stt.testcase.common.IndexCommonTest.headListTest - 页头
2020-06-09 20:00:49.828 [main-44] INFO  com.sh.stt.listener.LogListener.onTestSuccess - ========com.sh.stt.testcase.common.IndexCommonTest.headListTest测试通过========
2020-06-09 20:00:53.106 [main-200] INFO  com.sh.stt.base.BaseDriver.closeBrowser - chrome浏览器已成功关闭！
2020-06-09 20:00:53.113 [main-79] INFO  com.sh.stt.listener.LogListener.onFinish - ====================www-selenium结束====================
2020-06-09 20:01:21.108 [main-26] INFO  com.sh.stt.util.PropertiesReader.readProperties - 读取项目配置文件
2020-06-09 20:01:21.118 [main-22] INFO  com.sh.stt.listener.LogListener.onStart - ====================www-selenium开始====================
2020-06-09 20:01:32.786 [main-167] INFO  com.sh.stt.base.BaseDriver.startBrowser - 浏览器：chrome 成功启动！
2020-06-09 20:01:34.972 [main-41] INFO  com.sh.stt.testcase.common.IndexCommonTest.beforeClass - 进入 门户首页 页面
2020-06-09 20:01:35.119 [main-33] INFO  com.sh.stt.listener.LogListener.onTestStart - ========com.sh.stt.testcase.common.IndexCommonTest.intelHardListTest测试开始========
2020-06-09 20:01:35.228 [main-110] INFO  com.sh.stt.testcase.common.IndexCommonTest.intelHardListTest - 4F 智能硬件-内容区
2020-06-09 20:02:32.952 [main-26] INFO  com.sh.stt.util.PropertiesReader.readProperties - 读取项目配置文件
2020-06-09 20:02:32.961 [main-22] INFO  com.sh.stt.listener.LogListener.onStart - ====================www-selenium开始====================
2020-06-09 20:02:44.499 [main-167] INFO  com.sh.stt.base.BaseDriver.startBrowser - 浏览器：chrome 成功启动！
2020-06-09 20:02:46.575 [main-41] INFO  com.sh.stt.testcase.common.IndexCommonTest.beforeClass - 进入 门户首页 页面
2020-06-09 20:02:46.592 [main-33] INFO  com.sh.stt.listener.LogListener.onTestStart - ========com.sh.stt.testcase.common.IndexCommonTest.searchKeyWordTest测试开始========
2020-06-09 20:02:46.690 [main-67] INFO  com.sh.stt.testcase.common.IndexCommonTest.searchKeyWordTest - 搜索关键字
2020-06-09 20:08:09.923 [main-26] INFO  com.sh.stt.util.PropertiesReader.readProperties - 读取项目配置文件
2020-06-09 20:08:09.932 [main-22] INFO  com.sh.stt.listener.LogListener.onStart - ====================www-selenium开始====================
2020-06-09 20:08:21.543 [main-167] INFO  com.sh.stt.base.BaseDriver.startBrowser - 浏览器：chrome 成功启动！
2020-06-09 20:08:23.208 [main-41] INFO  com.sh.stt.testcase.common.IndexCommonTest.beforeClass - 进入 门户首页 页面
2020-06-09 20:08:23.230 [main-33] INFO  com.sh.stt.listener.LogListener.onTestStart - ========com.sh.stt.testcase.common.IndexCommonTest.searchKeyWordTest测试开始========
2020-06-09 20:08:23.346 [main-67] INFO  com.sh.stt.testcase.common.IndexCommonTest.searchKeyWordTest - 搜索关键字
2020-06-09 20:09:24.395 [main-55] ERROR com.sh.stt.listener.LogListener.onTestFailure - ========com.sh.stt.testcase.common.IndexCommonTest.searchKeyWordTest测试失败,失败原因如下：
org.openqa.selenium.TimeoutException: Expected condition failed: waiting for element to be clickable: By.id: searchbtn (tried for 60 second(s) with 500 milliseconds interval)
Build info: version: '3.141.59', revision: 'e82be7d358', time: '2018-11-14T08:17:03'
System info: host: 'DESKTOP-R49NI58', ip: '192.168.72.2', os.name: 'Windows 10', os.arch: 'amd64', os.version: '10.0', java.version: '1.8.0_241'
Driver info: org.openqa.selenium.chrome.ChromeDriver
Capabilities {acceptInsecureCerts: false, browserName: chrome, browserVersion: 80.0.3987.163, chrome: {chromedriverVersion: 80.0.3987.106 (f68069574609..., userDataDir: C:\Users\ADMINI~1\AppData\L...}, goog:chromeOptions: {debuggerAddress: localhost:51436}, javascriptEnabled: true, networkConnectionEnabled: false, pageLoadStrategy: normal, platform: WINDOWS, platformName: WINDOWS, proxy: Proxy(), setWindowRect: true, strictFileInteractability: false, timeouts: {implicit: 0, pageLoad: 300000, script: 30000}, unhandledPromptBehavior: dismiss and notify}
Session ID: c28d66383a89fc18ae52d6a4030b8bcf========
2020-06-09 20:09:24.399 [main-32] INFO  com.sh.stt.util.ScreenshotUtil.capture - 开始截图
2020-06-09 20:09:28.829 [main-200] INFO  com.sh.stt.base.BaseDriver.closeBrowser - chrome浏览器已成功关闭！
2020-06-09 20:09:28.831 [main-79] INFO  com.sh.stt.listener.LogListener.onFinish - ====================www-selenium结束====================
2020-06-09 20:10:18.242 [main-26] INFO  com.sh.stt.util.PropertiesReader.readProperties - 读取项目配置文件
2020-06-09 20:10:18.252 [main-22] INFO  com.sh.stt.listener.LogListener.onStart - ====================www-selenium开始====================
2020-06-09 20:10:30.213 [main-167] INFO  com.sh.stt.base.BaseDriver.startBrowser - 浏览器：chrome 成功启动！
2020-06-09 20:10:31.853 [main-41] INFO  com.sh.stt.testcase.common.IndexCommonTest.beforeClass - 进入 门户首页 页面
2020-06-09 20:10:31.871 [main-33] INFO  com.sh.stt.listener.LogListener.onTestStart - ========com.sh.stt.testcase.common.IndexCommonTest.searchKeyWordTest测试开始========
2020-06-09 20:10:31.987 [main-67] INFO  com.sh.stt.testcase.common.IndexCommonTest.searchKeyWordTest - 搜索关键字
2020-06-09 20:10:32.651 [main-55] ERROR com.sh.stt.listener.LogListener.onTestFailure - ========com.sh.stt.testcase.common.IndexCommonTest.searchKeyWordTest测试失败,失败原因如下：
java.lang.IndexOutOfBoundsException: Index: 2, Size: 2========
2020-06-09 20:10:32.654 [main-32] INFO  com.sh.stt.util.ScreenshotUtil.capture - 开始截图
2020-06-09 20:10:36.597 [main-200] INFO  com.sh.stt.base.BaseDriver.closeBrowser - chrome浏览器已成功关闭！
2020-06-09 20:10:36.597 [main-79] INFO  com.sh.stt.listener.LogListener.onFinish - ====================www-selenium结束====================
2020-06-09 20:11:11.390 [main-26] INFO  com.sh.stt.util.PropertiesReader.readProperties - 读取项目配置文件
2020-06-09 20:11:11.410 [main-22] INFO  com.sh.stt.listener.LogListener.onStart - ====================www-selenium开始====================
2020-06-09 20:11:24.948 [main-167] INFO  com.sh.stt.base.BaseDriver.startBrowser - 浏览器：chrome 成功启动！
2020-06-09 20:11:27.352 [main-41] INFO  com.sh.stt.testcase.common.IndexCommonTest.beforeClass - 进入 门户首页 页面
2020-06-09 20:11:27.373 [main-33] INFO  com.sh.stt.listener.LogListener.onTestStart - ========com.sh.stt.testcase.common.IndexCommonTest.searchKeyWordTest测试开始========
2020-06-09 20:11:27.462 [main-67] INFO  com.sh.stt.testcase.common.IndexCommonTest.searchKeyWordTest - 搜索关键字
2020-06-09 20:11:35.363 [main-44] INFO  com.sh.stt.listener.LogListener.onTestSuccess - ========com.sh.stt.testcase.common.IndexCommonTest.searchKeyWordTest测试通过========
2020-06-09 20:11:38.772 [main-200] INFO  com.sh.stt.base.BaseDriver.closeBrowser - chrome浏览器已成功关闭！
2020-06-09 20:11:38.773 [main-79] INFO  com.sh.stt.listener.LogListener.onFinish - ====================www-selenium结束====================
2020-06-09 20:12:08.114 [main-26] INFO  com.sh.stt.util.PropertiesReader.readProperties - 读取项目配置文件
2020-06-09 20:12:08.123 [main-22] INFO  com.sh.stt.listener.LogListener.onStart - ====================www-selenium开始====================
2020-06-09 20:12:20.231 [main-167] INFO  com.sh.stt.base.BaseDriver.startBrowser - 浏览器：chrome 成功启动！
2020-06-09 20:12:23.263 [main-41] INFO  com.sh.stt.testcase.common.IndexCommonTest.beforeClass - 进入 门户首页 页面
2020-06-09 20:12:23.283 [main-33] INFO  com.sh.stt.listener.LogListener.onTestStart - ========com.sh.stt.testcase.common.IndexCommonTest.searchKeyWordTest测试开始========
2020-06-09 20:12:23.418 [main-67] INFO  com.sh.stt.testcase.common.IndexCommonTest.searchKeyWordTest - 搜索关键字
2020-06-09 20:14:51.029 [main-26] INFO  com.sh.stt.util.PropertiesReader.readProperties - 读取项目配置文件
2020-06-09 20:14:51.038 [main-22] INFO  com.sh.stt.listener.LogListener.onStart - ====================www-selenium开始====================
2020-06-09 20:15:02.698 [main-167] INFO  com.sh.stt.base.BaseDriver.startBrowser - 浏览器：chrome 成功启动！
2020-06-09 20:15:04.853 [main-41] INFO  com.sh.stt.testcase.common.IndexCommonTest.beforeClass - 进入 门户首页 页面
2020-06-09 20:15:04.875 [main-33] INFO  com.sh.stt.listener.LogListener.onTestStart - ========com.sh.stt.testcase.common.IndexCommonTest.searchKeyWordTest测试开始========
2020-06-09 20:15:04.985 [main-67] INFO  com.sh.stt.testcase.common.IndexCommonTest.searchKeyWordTest - 搜索关键字
2020-06-09 20:19:58.216 [main-26] INFO  com.sh.stt.util.PropertiesReader.readProperties - 读取项目配置文件
2020-06-09 20:19:58.228 [main-22] INFO  com.sh.stt.listener.LogListener.onStart - ====================www-selenium开始====================
2020-06-09 20:20:10.271 [main-167] INFO  com.sh.stt.base.BaseDriver.startBrowser - 浏览器：chrome 成功启动！
2020-06-09 20:20:11.770 [main-41] INFO  com.sh.stt.testcase.common.IndexCommonTest.beforeClass - 进入 门户首页 页面
2020-06-09 20:20:11.790 [main-33] INFO  com.sh.stt.listener.LogListener.onTestStart - ========com.sh.stt.testcase.common.IndexCommonTest.searchKeyWordTest测试开始========
2020-06-09 20:20:11.899 [main-67] INFO  com.sh.stt.testcase.common.IndexCommonTest.searchKeyWordTest - 搜索关键字
2020-06-09 20:20:19.585 [main-44] INFO  com.sh.stt.listener.LogListener.onTestSuccess - ========com.sh.stt.testcase.common.IndexCommonTest.searchKeyWordTest测试通过========
2020-06-09 20:20:22.828 [main-200] INFO  com.sh.stt.base.BaseDriver.closeBrowser - chrome浏览器已成功关闭！
2020-06-09 20:20:22.927 [main-79] INFO  com.sh.stt.listener.LogListener.onFinish - ====================www-selenium结束====================
2020-06-09 20:53:07.200 [main-26] INFO  com.sh.stt.util.PropertiesReader.readProperties - 读取项目配置文件
2020-06-09 20:53:07.216 [main-22] INFO  com.sh.stt.listener.LogListener.onStart - ====================www-selenium开始====================
2020-06-09 20:53:18.711 [main-167] INFO  com.sh.stt.base.BaseDriver.startBrowser - 浏览器：chrome 成功启动！
2020-06-09 20:53:20.232 [main-41] INFO  com.sh.stt.testcase.common.IndexCommonTest.beforeClass - 进入 门户首页 页面
2020-06-09 20:53:20.251 [main-33] INFO  com.sh.stt.listener.LogListener.onTestStart - ========com.sh.stt.testcase.common.IndexCommonTest.searchKeyWordTest测试开始========
2020-06-09 20:53:20.344 [main-67] INFO  com.sh.stt.testcase.common.IndexCommonTest.searchKeyWordTest - 搜索关键字
2020-06-09 20:54:21.394 [main-55] ERROR com.sh.stt.listener.LogListener.onTestFailure - ========com.sh.stt.testcase.common.IndexCommonTest.searchKeyWordTest测试失败,失败原因如下：
org.openqa.selenium.TimeoutException: Expected condition failed: waiting for title to be "5G_网页搜索_中国移动". Current title: "中国移动官方网站" (tried for 60 second(s) with 500 milliseconds interval)
Build info: version: '3.141.59', revision: 'e82be7d358', time: '2018-11-14T08:17:03'
System info: host: 'DESKTOP-R49NI58', ip: '192.168.72.2', os.name: 'Windows 10', os.arch: 'amd64', os.version: '10.0', java.version: '1.8.0_241'
Driver info: org.openqa.selenium.chrome.ChromeDriver
Capabilities {acceptInsecureCerts: false, browserName: chrome, browserVersion: 80.0.3987.163, chrome: {chromedriverVersion: 80.0.3987.106 (f68069574609..., userDataDir: C:\Users\ADMINI~1\AppData\L...}, goog:chromeOptions: {debuggerAddress: localhost:52004}, javascriptEnabled: true, networkConnectionEnabled: false, pageLoadStrategy: normal, platform: WINDOWS, platformName: WINDOWS, proxy: Proxy(), setWindowRect: true, strictFileInteractability: false, timeouts: {implicit: 0, pageLoad: 300000, script: 30000}, unhandledPromptBehavior: dismiss and notify}
Session ID: f5a53624c0a2fd514be930921ef40b4d========
2020-06-09 20:54:21.394 [main-32] INFO  com.sh.stt.util.ScreenshotUtil.capture - 开始截图
2020-06-09 20:54:25.471 [main-200] INFO  com.sh.stt.base.BaseDriver.closeBrowser - chrome浏览器已成功关闭！
2020-06-09 20:54:25.471 [main-79] INFO  com.sh.stt.listener.LogListener.onFinish - ====================www-selenium结束====================
2020-06-09 20:57:15.626 [main-26] INFO  com.sh.stt.util.PropertiesReader.readProperties - 读取项目配置文件
2020-06-09 20:57:15.626 [main-22] INFO  com.sh.stt.listener.LogListener.onStart - ====================www-selenium开始====================
2020-06-09 20:57:27.301 [main-167] INFO  com.sh.stt.base.BaseDriver.startBrowser - 浏览器：chrome 成功启动！
2020-06-09 20:57:29.508 [main-41] INFO  com.sh.stt.testcase.common.IndexCommonTest.beforeClass - 进入 门户首页 页面
2020-06-09 20:57:29.532 [main-33] INFO  com.sh.stt.listener.LogListener.onTestStart - ========com.sh.stt.testcase.common.IndexCommonTest.searchKeyWordTest测试开始========
2020-06-09 20:57:29.602 [main-67] INFO  com.sh.stt.testcase.common.IndexCommonTest.searchKeyWordTest - 搜索关键字
2020-06-09 20:57:30.094 [main-44] INFO  com.sh.stt.listener.LogListener.onTestSuccess - ========com.sh.stt.testcase.common.IndexCommonTest.searchKeyWordTest测试通过========
2020-06-09 20:57:33.516 [main-200] INFO  com.sh.stt.base.BaseDriver.closeBrowser - chrome浏览器已成功关闭！
2020-06-09 20:57:33.516 [main-79] INFO  com.sh.stt.listener.LogListener.onFinish - ====================www-selenium结束====================
2020-06-09 20:58:13.638 [main-26] INFO  com.sh.stt.util.PropertiesReader.readProperties - 读取项目配置文件
2020-06-09 20:58:13.638 [main-22] INFO  com.sh.stt.listener.LogListener.onStart - ====================www-selenium开始====================
2020-06-09 20:58:25.189 [main-167] INFO  com.sh.stt.base.BaseDriver.startBrowser - 浏览器：chrome 成功启动！
2020-06-09 20:58:29.350 [main-41] INFO  com.sh.stt.testcase.common.IndexCommonTest.beforeClass - 进入 门户首页 页面
2020-06-09 20:58:29.368 [main-33] INFO  com.sh.stt.listener.LogListener.onTestStart - ========com.sh.stt.testcase.common.IndexCommonTest.searchKeyWordTest测试开始========
2020-06-09 20:58:29.450 [main-67] INFO  com.sh.stt.testcase.common.IndexCommonTest.searchKeyWordTest - 搜索关键字
2020-06-09 20:58:40.203 [main-55] ERROR com.sh.stt.listener.LogListener.onTestFailure - ========com.sh.stt.testcase.common.IndexCommonTest.searchKeyWordTest测试失败,失败原因如下：
org.openqa.selenium.TimeoutException: Expected condition failed: waiting for title to be "5G_网页搜索_中国移动". Current title: "中国移动官方网站" (tried for 10 second(s) with 500 milliseconds interval)
Build info: version: '3.141.59', revision: 'e82be7d358', time: '2018-11-14T08:17:03'
System info: host: 'DESKTOP-R49NI58', ip: '192.168.72.2', os.name: 'Windows 10', os.arch: 'amd64', os.version: '10.0', java.version: '1.8.0_241'
Driver info: org.openqa.selenium.chrome.ChromeDriver
Capabilities {acceptInsecureCerts: false, browserName: chrome, browserVersion: 80.0.3987.163, chrome: {chromedriverVersion: 80.0.3987.106 (f68069574609..., userDataDir: C:\Users\ADMINI~1\AppData\L...}, goog:chromeOptions: {debuggerAddress: localhost:52146}, javascriptEnabled: true, networkConnectionEnabled: false, pageLoadStrategy: normal, platform: WINDOWS, platformName: WINDOWS, proxy: Proxy(), setWindowRect: true, strictFileInteractability: false, timeouts: {implicit: 0, pageLoad: 300000, script: 30000}, unhandledPromptBehavior: dismiss and notify}
Session ID: e27e49b9dec2118e71236608d6f6b35b========
2020-06-09 20:58:40.203 [main-32] INFO  com.sh.stt.util.ScreenshotUtil.capture - 开始截图
2020-06-09 20:58:44.251 [main-200] INFO  com.sh.stt.base.BaseDriver.closeBrowser - chrome浏览器已成功关闭！
2020-06-09 20:58:44.314 [main-79] INFO  com.sh.stt.listener.LogListener.onFinish - ====================www-selenium结束====================
2020-06-09 21:00:15.284 [main-26] INFO  com.sh.stt.util.PropertiesReader.readProperties - 读取项目配置文件
2020-06-09 21:00:15.300 [main-22] INFO  com.sh.stt.listener.LogListener.onStart - ====================www-selenium开始====================
2020-06-09 21:00:26.815 [main-167] INFO  com.sh.stt.base.BaseDriver.startBrowser - 浏览器：chrome 成功启动！
2020-06-09 21:00:28.614 [main-41] INFO  com.sh.stt.testcase.common.IndexCommonTest.beforeClass - 进入 门户首页 页面
2020-06-09 21:00:28.631 [main-33] INFO  com.sh.stt.listener.LogListener.onTestStart - ========com.sh.stt.testcase.common.IndexCommonTest.searchKeyWordTest测试开始========
2020-06-09 21:00:28.746 [main-67] INFO  com.sh.stt.testcase.common.IndexCommonTest.searchKeyWordTest - 搜索关键字
2020-06-09 21:00:35.011 [main-44] INFO  com.sh.stt.listener.LogListener.onTestSuccess - ========com.sh.stt.testcase.common.IndexCommonTest.searchKeyWordTest测试通过========
2020-06-09 21:00:38.123 [main-200] INFO  com.sh.stt.base.BaseDriver.closeBrowser - chrome浏览器已成功关闭！
2020-06-09 21:00:38.123 [main-79] INFO  com.sh.stt.listener.LogListener.onFinish - ====================www-selenium结束====================
2020-06-09 21:01:25.281 [main-26] INFO  com.sh.stt.util.PropertiesReader.readProperties - 读取项目配置文件
2020-06-09 21:01:25.297 [main-22] INFO  com.sh.stt.listener.LogListener.onStart - ====================www-selenium开始====================
2020-06-09 21:01:36.785 [main-167] INFO  com.sh.stt.base.BaseDriver.startBrowser - 浏览器：chrome 成功启动！
2020-06-09 21:01:40.948 [main-41] INFO  com.sh.stt.testcase.common.IndexCommonTest.beforeClass - 进入 门户首页 页面
2020-06-09 21:01:40.969 [main-33] INFO  com.sh.stt.listener.LogListener.onTestStart - ========com.sh.stt.testcase.common.IndexCommonTest.miguBannerTest测试开始========
2020-06-09 21:01:41.095 [main-113] INFO  com.sh.stt.testcase.common.IndexCommonTest.miguBannerTest - 5F 咪咕娱乐-焦点图
2020-06-09 21:01:47.478 [main-55] ERROR com.sh.stt.listener.LogListener.onTestFailure - ========com.sh.stt.testcase.common.IndexCommonTest.miguBannerTest测试失败,失败原因如下：
java.lang.Throwable========
2020-06-09 21:01:47.483 [main-32] INFO  com.sh.stt.util.ScreenshotUtil.capture - 开始截图
2020-06-09 21:01:51.108 [main-200] INFO  com.sh.stt.base.BaseDriver.closeBrowser - chrome浏览器已成功关闭！
2020-06-09 21:01:51.264 [main-79] INFO  com.sh.stt.listener.LogListener.onFinish - ====================www-selenium结束====================
2020-06-09 21:05:25.698 [main-26] INFO  com.sh.stt.util.PropertiesReader.readProperties - 读取项目配置文件
2020-06-09 21:05:25.714 [main-22] INFO  com.sh.stt.listener.LogListener.onStart - ====================www-selenium开始====================
2020-06-09 21:05:37.221 [main-167] INFO  com.sh.stt.base.BaseDriver.startBrowser - 浏览器：chrome 成功启动！
2020-06-09 21:05:38.752 [main-41] INFO  com.sh.stt.testcase.common.IndexCommonTest.beforeClass - 进入 门户首页 页面
2020-06-09 21:05:38.772 [main-33] INFO  com.sh.stt.listener.LogListener.onTestStart - ========com.sh.stt.testcase.common.IndexCommonTest.searchKeyWordTest测试开始========
2020-06-09 21:05:38.861 [main-67] INFO  com.sh.stt.testcase.common.IndexCommonTest.searchKeyWordTest - 搜索关键字
2020-06-09 21:05:45.130 [main-44] INFO  com.sh.stt.listener.LogListener.onTestSuccess - ========com.sh.stt.testcase.common.IndexCommonTest.searchKeyWordTest测试通过========
2020-06-09 21:05:48.161 [main-200] INFO  com.sh.stt.base.BaseDriver.closeBrowser - chrome浏览器已成功关闭！
2020-06-09 21:05:48.176 [main-79] INFO  com.sh.stt.listener.LogListener.onFinish - ====================www-selenium结束====================
2020-06-09 21:09:20.397 [main-26] INFO  com.sh.stt.util.PropertiesReader.readProperties - 读取项目配置文件
2020-06-09 21:09:20.413 [main-22] INFO  com.sh.stt.listener.LogListener.onStart - ====================www-selenium开始====================
2020-06-09 21:09:31.908 [main-167] INFO  com.sh.stt.base.BaseDriver.startBrowser - 浏览器：chrome 成功启动！
2020-06-09 21:09:34.025 [main-43] INFO  com.sh.stt.testcase.common.IndexCommonTest.beforeClass - 进入 门户首页 页面
2020-06-09 21:09:34.050 [main-33] INFO  com.sh.stt.listener.LogListener.onTestStart - ========com.sh.stt.testcase.common.IndexCommonTest.searchKeyWordTest测试开始========
2020-06-09 21:09:34.167 [main-69] INFO  com.sh.stt.testcase.common.IndexCommonTest.searchKeyWordTest - 搜索关键字
2020-06-09 21:09:39.013 [main-55] ERROR com.sh.stt.listener.LogListener.onTestFailure - ========com.sh.stt.testcase.common.IndexCommonTest.searchKeyWordTest测试失败,失败原因如下：
java.lang.Throwable========
2020-06-09 21:09:39.015 [main-32] INFO  com.sh.stt.util.ScreenshotUtil.capture - 开始截图
2020-06-09 21:09:43.010 [main-200] INFO  com.sh.stt.base.BaseDriver.closeBrowser - chrome浏览器已成功关闭！
2020-06-09 21:09:43.010 [main-79] INFO  com.sh.stt.listener.LogListener.onFinish - ====================www-selenium结束====================
2020-06-09 21:10:29.888 [main-26] INFO  com.sh.stt.util.PropertiesReader.readProperties - 读取项目配置文件
2020-06-09 21:10:29.904 [main-22] INFO  com.sh.stt.listener.LogListener.onStart - ====================www-selenium开始====================
2020-06-09 21:10:41.362 [main-167] INFO  com.sh.stt.base.BaseDriver.startBrowser - 浏览器：chrome 成功启动！
2020-06-09 21:10:44.332 [main-43] INFO  com.sh.stt.testcase.common.IndexCommonTest.beforeClass - 进入 门户首页 页面
2020-06-09 21:10:44.354 [main-33] INFO  com.sh.stt.listener.LogListener.onTestStart - ========com.sh.stt.testcase.common.IndexCommonTest.miguBannerTest测试开始========
2020-06-09 21:10:44.422 [main-126] INFO  com.sh.stt.testcase.common.IndexCommonTest.miguBannerTest - 5F 咪咕娱乐-焦点图
2020-06-09 21:10:50.354 [main-44] INFO  com.sh.stt.listener.LogListener.onTestSuccess - ========com.sh.stt.testcase.common.IndexCommonTest.miguBannerTest测试通过========
2020-06-09 21:10:53.516 [main-200] INFO  com.sh.stt.base.BaseDriver.closeBrowser - chrome浏览器已成功关闭！
2020-06-09 21:10:53.562 [main-79] INFO  com.sh.stt.listener.LogListener.onFinish - ====================www-selenium结束====================
2020-06-09 21:11:06.784 [main-26] INFO  com.sh.stt.util.PropertiesReader.readProperties - 读取项目配置文件
2020-06-09 21:11:06.800 [main-22] INFO  com.sh.stt.listener.LogListener.onStart - ====================www-selenium开始====================
2020-06-09 21:11:18.204 [main-167] INFO  com.sh.stt.base.BaseDriver.startBrowser - 浏览器：chrome 成功启动！
2020-06-09 21:11:20.469 [main-43] INFO  com.sh.stt.testcase.common.IndexCommonTest.beforeClass - 进入 门户首页 页面
2020-06-09 21:11:20.484 [main-33] INFO  com.sh.stt.listener.LogListener.onTestStart - ========com.sh.stt.testcase.common.IndexCommonTest.miguAlbumTest测试开始========
2020-06-09 21:11:20.551 [main-143] INFO  com.sh.stt.testcase.common.IndexCommonTest.miguAlbumTest - 5F 咪咕娱乐-流行乐风向标
2020-06-09 21:11:49.241 [main-44] INFO  com.sh.stt.listener.LogListener.onTestSuccess - ========com.sh.stt.testcase.common.IndexCommonTest.miguAlbumTest测试通过========
2020-06-09 21:11:52.453 [main-200] INFO  com.sh.stt.base.BaseDriver.closeBrowser - chrome浏览器已成功关闭！
2020-06-09 21:11:52.515 [main-79] INFO  com.sh.stt.listener.LogListener.onFinish - ====================www-selenium结束====================
2020-06-09 21:12:49.953 [main-26] INFO  com.sh.stt.util.PropertiesReader.readProperties - 读取项目配置文件
2020-06-09 21:12:49.968 [main-22] INFO  com.sh.stt.listener.LogListener.onStart - ====================www-selenium开始====================
2020-06-09 21:13:01.416 [main-167] INFO  com.sh.stt.base.BaseDriver.startBrowser - 浏览器：chrome 成功启动！
2020-06-09 21:13:02.941 [main-43] INFO  com.sh.stt.testcase.common.IndexCommonTest.beforeClass - 进入 门户首页 页面
2020-06-09 21:13:02.960 [main-33] INFO  com.sh.stt.listener.LogListener.onTestStart - ========com.sh.stt.testcase.common.IndexCommonTest.footerBottomTest测试开始========
2020-06-09 21:13:03.027 [main-262] INFO  com.sh.stt.testcase.common.IndexCommonTest.footerBottomTest - 页脚底部
2020-06-09 21:13:26.279 [main-44] INFO  com.sh.stt.listener.LogListener.onTestSuccess - ========com.sh.stt.testcase.common.IndexCommonTest.footerBottomTest测试通过========
2020-06-09 21:13:29.377 [main-200] INFO  com.sh.stt.base.BaseDriver.closeBrowser - chrome浏览器已成功关闭！
2020-06-09 21:13:29.377 [main-79] INFO  com.sh.stt.listener.LogListener.onFinish - ====================www-selenium结束====================
2020-06-09 21:16:00.896 [main-26] INFO  com.sh.stt.util.PropertiesReader.readProperties - 读取项目配置文件
2020-06-09 21:16:00.911 [main-22] INFO  com.sh.stt.listener.LogListener.onStart - ====================www-selenium开始====================
2020-06-09 21:16:12.363 [main-167] INFO  com.sh.stt.base.BaseDriver.startBrowser - 浏览器：chrome 成功启动！
2020-06-09 21:16:13.468 [main-41] INFO  com.sh.stt.testcase.common.SupportIndexCommonTest.beforeClass - 进入 服务中心首页 页面
2020-06-09 21:16:13.481 [main-33] INFO  com.sh.stt.listener.LogListener.onTestStart - ========com.sh.stt.testcase.common.SupportIndexCommonTest.supportSearchTest测试开始========
2020-06-09 21:16:13.559 [main-84] INFO  com.sh.stt.testcase.common.SupportIndexCommonTest.supportSearchTest - 搜索答案
2020-06-09 21:16:18.232 [main-44] INFO  com.sh.stt.listener.LogListener.onTestSuccess - ========com.sh.stt.testcase.common.SupportIndexCommonTest.supportSearchTest测试通过========
2020-06-09 21:16:21.292 [main-200] INFO  com.sh.stt.base.BaseDriver.closeBrowser - chrome浏览器已成功关闭！
2020-06-09 21:16:21.292 [main-79] INFO  com.sh.stt.listener.LogListener.onFinish - ====================www-selenium结束====================
2020-06-09 21:16:37.519 [main-26] INFO  com.sh.stt.util.PropertiesReader.readProperties - 读取项目配置文件
2020-06-09 21:16:37.534 [main-22] INFO  com.sh.stt.listener.LogListener.onStart - ====================www-selenium开始====================
2020-06-09 21:16:49.005 [main-167] INFO  com.sh.stt.base.BaseDriver.startBrowser - 浏览器：chrome 成功启动！
2020-06-09 21:16:50.536 [main-41] INFO  com.sh.stt.testcase.common.SupportIndexCommonTest.beforeClass - 进入 服务中心首页 页面
2020-06-09 21:16:50.551 [main-33] INFO  com.sh.stt.listener.LogListener.onTestStart - ========com.sh.stt.testcase.common.SupportIndexCommonTest.supportFAQListTest测试开始========
2020-06-09 21:16:50.633 [main-107] INFO  com.sh.stt.testcase.common.SupportIndexCommonTest.supportFAQListTest - 问答
2020-06-09 21:17:29.976 [main-44] INFO  com.sh.stt.listener.LogListener.onTestSuccess - ========com.sh.stt.testcase.common.SupportIndexCommonTest.supportFAQListTest测试通过========
2020-06-09 21:17:33.018 [main-200] INFO  com.sh.stt.base.BaseDriver.closeBrowser - chrome浏览器已成功关闭！
2020-06-09 21:17:33.049 [main-79] INFO  com.sh.stt.listener.LogListener.onFinish - ====================www-selenium结束====================
2020-06-09 21:17:51.281 [main-26] INFO  com.sh.stt.util.PropertiesReader.readProperties - 读取项目配置文件
2020-06-09 21:17:51.296 [main-22] INFO  com.sh.stt.listener.LogListener.onStart - ====================www-selenium开始====================
2020-06-09 21:18:02.807 [main-167] INFO  com.sh.stt.base.BaseDriver.startBrowser - 浏览器：chrome 成功启动！
2020-06-09 21:18:04.312 [main-40] INFO  com.sh.stt.testcase.fee.AHFeeTest.beforeClass - 进入 安徽资费专区 页面
2020-06-09 21:18:04.327 [main-33] INFO  com.sh.stt.listener.LogListener.onTestStart - ========com.sh.stt.testcase.fee.AHFeeTest.feeContentListTest测试开始========
2020-06-09 21:18:51.612 [main-26] INFO  com.sh.stt.util.PropertiesReader.readProperties - 读取项目配置文件
2020-06-09 21:18:51.612 [main-22] INFO  com.sh.stt.listener.LogListener.onStart - ====================www-selenium开始====================
2020-06-09 21:19:02.979 [main-167] INFO  com.sh.stt.base.BaseDriver.startBrowser - 浏览器：chrome 成功启动！
2020-06-09 21:19:04.708 [main-35] INFO  com.sh.stt.testcase.fiveG.AHFiveGTest.beforeClass - 进入 安徽5G专区首页 页面
2020-06-09 21:19:04.724 [main-33] INFO  com.sh.stt.listener.LogListener.onTestStart - ========com.sh.stt.testcase.fiveG.AHFiveGTest.phoneContentListTest测试开始========
2020-06-09 21:19:04.805 [main-78] INFO  com.sh.stt.testcase.fiveG.AHFiveGTest.phoneContentListTest - 5G终端--运营位
2020-06-09 21:19:55.773 [main-26] INFO  com.sh.stt.util.PropertiesReader.readProperties - 读取项目配置文件
2020-06-09 21:19:55.789 [main-22] INFO  com.sh.stt.listener.LogListener.onStart - ====================www-selenium开始====================
2020-06-09 21:20:07.945 [main-26] INFO  com.sh.stt.util.PropertiesReader.readProperties - 读取项目配置文件
2020-06-09 21:20:07.960 [main-22] INFO  com.sh.stt.listener.LogListener.onStart - ====================www-selenium开始====================
2020-06-09 21:20:19.398 [main-167] INFO  com.sh.stt.base.BaseDriver.startBrowser - 浏览器：chrome 成功启动！
2020-06-09 21:20:21.524 [main-41] INFO  com.sh.stt.testcase.index.AHIndexTest.beforeClass - 进入 安徽门户首页 页面
2020-06-09 21:20:21.540 [main-33] INFO  com.sh.stt.listener.LogListener.onTestStart - ========com.sh.stt.testcase.index.AHIndexTest.mobileDtddTest测试开始========
2020-06-09 21:20:21.613 [main-103] INFO  com.sh.stt.testcase.index.AHIndexTest.mobileDtddTest - 左导航--买手机
2020-06-09 21:21:36.350 [main-26] INFO  com.sh.stt.util.PropertiesReader.readProperties - 读取项目配置文件
2020-06-09 21:21:36.366 [main-22] INFO  com.sh.stt.listener.LogListener.onStart - ====================www-selenium开始====================
2020-06-09 21:21:47.913 [main-167] INFO  com.sh.stt.base.BaseDriver.startBrowser - 浏览器：chrome 成功启动！
2020-06-09 21:21:48.829 [main-38] INFO  com.sh.stt.testcase.kdtsjf.AHKdtsjfTest.beforeClass - 进入 安徽宽带提速降费 页面
2020-06-09 21:21:48.845 [main-33] INFO  com.sh.stt.listener.LogListener.onTestStart - ========com.sh.stt.testcase.kdtsjf.AHKdtsjfTest.broadbandNewClothesListTest测试开始========
2020-06-09 21:21:48.914 [main-47] INFO  com.sh.stt.testcase.kdtsjf.AHKdtsjfTest.broadbandNewClothesListTest - 宽带新装
2020-06-09 21:27:01.692 [main-26] INFO  com.sh.stt.util.PropertiesReader.readProperties - 读取项目配置文件
2020-06-09 21:27:01.708 [main-22] INFO  com.sh.stt.listener.LogListener.onStart - ====================www-selenium开始====================
2020-06-09 21:27:13.198 [main-167] INFO  com.sh.stt.base.BaseDriver.startBrowser - 浏览器：chrome 成功启动！
2020-06-09 21:27:13.830 [main-38] INFO  com.sh.stt.testcase.kdtsjf.AHKdtsjfTest.beforeClass - 进入 安徽宽带提速降费 页面
2020-06-09 21:27:13.848 [main-33] INFO  com.sh.stt.listener.LogListener.onTestStart - ========com.sh.stt.testcase.kdtsjf.AHKdtsjfTest.broadbandNewClothesListTest测试开始========
2020-06-09 21:27:13.917 [main-47] INFO  com.sh.stt.testcase.kdtsjf.AHKdtsjfTest.broadbandNewClothesListTest - 宽带新装
2020-06-09 21:28:13.948 [main-44] INFO  com.sh.stt.listener.LogListener.onTestSuccess - ========com.sh.stt.testcase.kdtsjf.AHKdtsjfTest.broadbandNewClothesListTest测试通过========
2020-06-09 21:28:16.855 [main-200] INFO  com.sh.stt.base.BaseDriver.closeBrowser - chrome浏览器已成功关闭！
2020-06-09 21:28:16.855 [main-79] INFO  com.sh.stt.listener.LogListener.onFinish - ====================www-selenium结束====================
2020-06-09 21:29:08.175 [main-26] INFO  com.sh.stt.util.PropertiesReader.readProperties - 读取项目配置文件
2020-06-09 21:29:08.190 [main-22] INFO  com.sh.stt.listener.LogListener.onStart - ====================www-selenium开始====================
2020-06-09 21:29:20.008 [main-167] INFO  com.sh.stt.base.BaseDriver.startBrowser - 浏览器：chrome 成功启动！
2020-06-09 21:29:20.625 [main-38] INFO  com.sh.stt.testcase.kdtsjf.AHKdtsjfTest.beforeClass - 进入 安徽宽带提速降费 页面
2020-06-09 21:29:20.641 [main-33] INFO  com.sh.stt.listener.LogListener.onTestStart - ========com.sh.stt.testcase.kdtsjf.AHKdtsjfTest.broadbandNewClothesListTest测试开始========
2020-06-09 21:29:20.702 [main-47] INFO  com.sh.stt.testcase.kdtsjf.AHKdtsjfTest.broadbandNewClothesListTest - 宽带新装
2020-06-09 21:32:05.136 [main-26] INFO  com.sh.stt.util.PropertiesReader.readProperties - 读取项目配置文件
2020-06-09 21:32:05.136 [main-22] INFO  com.sh.stt.listener.LogListener.onStart - ====================www-selenium开始====================
2020-06-09 21:32:16.722 [main-167] INFO  com.sh.stt.base.BaseDriver.startBrowser - 浏览器：chrome 成功启动！
2020-06-09 21:32:17.413 [main-38] INFO  com.sh.stt.testcase.kdtsjf.AHKdtsjfTest.beforeClass - 进入 安徽宽带提速降费 页面
2020-06-09 21:32:17.431 [main-33] INFO  com.sh.stt.listener.LogListener.onTestStart - ========com.sh.stt.testcase.kdtsjf.AHKdtsjfTest.broadbandNewClothesListTest测试开始========
2020-06-09 21:32:17.501 [main-47] INFO  com.sh.stt.testcase.kdtsjf.AHKdtsjfTest.broadbandNewClothesListTest - 宽带新装
2020-06-09 21:33:17.552 [main-44] INFO  com.sh.stt.listener.LogListener.onTestSuccess - ========com.sh.stt.testcase.kdtsjf.AHKdtsjfTest.broadbandNewClothesListTest测试通过========
2020-06-09 21:33:20.407 [main-200] INFO  com.sh.stt.base.BaseDriver.closeBrowser - chrome浏览器已成功关闭！
2020-06-09 21:33:20.407 [main-79] INFO  com.sh.stt.listener.LogListener.onFinish - ====================www-selenium结束====================
2020-06-09 21:33:53.513 [main-26] INFO  com.sh.stt.util.PropertiesReader.readProperties - 读取项目配置文件
2020-06-09 21:33:53.513 [main-22] INFO  com.sh.stt.listener.LogListener.onStart - ====================www-selenium开始====================
2020-06-09 21:34:05.035 [main-167] INFO  com.sh.stt.base.BaseDriver.startBrowser - 浏览器：chrome 成功启动！
2020-06-09 21:34:05.596 [main-38] INFO  com.sh.stt.testcase.kdtsjf.AHKdtsjfTest.beforeClass - 进入 安徽宽带提速降费 页面
2020-06-09 21:34:05.613 [main-33] INFO  com.sh.stt.listener.LogListener.onTestStart - ========com.sh.stt.testcase.kdtsjf.AHKdtsjfTest.broadbandNewClothesListTest测试开始========
2020-06-09 21:34:05.706 [main-47] INFO  com.sh.stt.testcase.kdtsjf.AHKdtsjfTest.broadbandNewClothesListTest - 宽带新装
2020-06-09 21:35:05.783 [main-44] INFO  com.sh.stt.listener.LogListener.onTestSuccess - ========com.sh.stt.testcase.kdtsjf.AHKdtsjfTest.broadbandNewClothesListTest测试通过========
2020-06-09 21:35:08.671 [main-200] INFO  com.sh.stt.base.BaseDriver.closeBrowser - chrome浏览器已成功关闭！
2020-06-09 21:35:08.671 [main-79] INFO  com.sh.stt.listener.LogListener.onFinish - ====================www-selenium结束====================
2020-06-09 21:40:51.724 [main-26] INFO  com.sh.stt.util.PropertiesReader.readProperties - 读取项目配置文件
2020-06-09 21:40:51.739 [main-22] INFO  com.sh.stt.listener.LogListener.onStart - ====================www-selenium开始====================
2020-06-09 21:41:03.154 [main-167] INFO  com.sh.stt.base.BaseDriver.startBrowser - 浏览器：chrome 成功启动！
2020-06-09 21:41:03.825 [main-38] INFO  com.sh.stt.testcase.kdtsjf.AHKdtsjfTest.beforeClass - 进入 安徽宽带提速降费 页面
2020-06-09 21:41:03.844 [main-33] INFO  com.sh.stt.listener.LogListener.onTestStart - ========com.sh.stt.testcase.kdtsjf.AHKdtsjfTest.broadbandNewClothesListTest测试开始========
2020-06-09 21:41:03.946 [main-47] INFO  com.sh.stt.testcase.kdtsjf.AHKdtsjfTest.broadbandNewClothesListTest - 宽带新装
2020-06-09 21:41:06.025 [main-44] INFO  com.sh.stt.listener.LogListener.onTestSuccess - ========com.sh.stt.testcase.kdtsjf.AHKdtsjfTest.broadbandNewClothesListTest测试通过========
2020-06-09 21:41:08.953 [main-200] INFO  com.sh.stt.base.BaseDriver.closeBrowser - chrome浏览器已成功关闭！
2020-06-09 21:41:08.953 [main-79] INFO  com.sh.stt.listener.LogListener.onFinish - ====================www-selenium结束====================
2020-06-09 21:41:59.875 [main-26] INFO  com.sh.stt.util.PropertiesReader.readProperties - 读取项目配置文件
2020-06-09 21:41:59.885 [main-22] INFO  com.sh.stt.listener.LogListener.onStart - ====================www-selenium开始====================
2020-06-09 21:42:11.521 [main-167] INFO  com.sh.stt.base.BaseDriver.startBrowser - 浏览器：chrome 成功启动！
2020-06-09 21:42:12.133 [main-38] INFO  com.sh.stt.testcase.kdtsjf.AHKdtsjfTest.beforeClass - 进入 安徽宽带提速降费 页面
2020-06-09 21:42:12.149 [main-33] INFO  com.sh.stt.listener.LogListener.onTestStart - ========com.sh.stt.testcase.kdtsjf.AHKdtsjfTest.broadbandNewClothesListTest测试开始========
2020-06-09 21:42:12.217 [main-47] INFO  com.sh.stt.testcase.kdtsjf.AHKdtsjfTest.broadbandNewClothesListTest - 宽带新装
2020-06-09 21:45:34.408 [main-26] INFO  com.sh.stt.util.PropertiesReader.readProperties - 读取项目配置文件
2020-06-09 21:45:34.423 [main-22] INFO  com.sh.stt.listener.LogListener.onStart - ====================www-selenium开始====================
2020-06-09 21:45:45.863 [main-167] INFO  com.sh.stt.base.BaseDriver.startBrowser - 浏览器：chrome 成功启动！
2020-06-09 21:45:46.648 [main-38] INFO  com.sh.stt.testcase.kdtsjf.AHKdtsjfTest.beforeClass - 进入 安徽宽带提速降费 页面
2020-06-09 21:45:46.675 [main-33] INFO  com.sh.stt.listener.LogListener.onTestStart - ========com.sh.stt.testcase.kdtsjf.AHKdtsjfTest.broadbandNewClothesListTest测试开始========
2020-06-09 21:45:46.746 [main-47] INFO  com.sh.stt.testcase.kdtsjf.AHKdtsjfTest.broadbandNewClothesListTest - 宽带新装
2020-06-09 21:59:51.160 [main-26] INFO  com.sh.stt.util.PropertiesReader.readProperties - 读取项目配置文件
2020-06-09 21:59:51.160 [main-22] INFO  com.sh.stt.listener.LogListener.onStart - ====================www-selenium开始====================
2020-06-09 22:00:02.837 [main-167] INFO  com.sh.stt.base.BaseDriver.startBrowser - 浏览器：chrome 成功启动！
2020-06-09 22:00:03.877 [main-38] INFO  com.sh.stt.testcase.kdtsjf.AHKdtsjfTest.beforeClass - 进入 安徽宽带提速降费 页面
2020-06-09 22:00:03.896 [main-33] INFO  com.sh.stt.listener.LogListener.onTestStart - ========com.sh.stt.testcase.kdtsjf.AHKdtsjfTest.broadbandNewClothesListTest测试开始========
2020-06-09 22:00:03.959 [main-47] INFO  com.sh.stt.testcase.kdtsjf.AHKdtsjfTest.broadbandNewClothesListTest - 宽带新装
2020-06-09 22:05:10.513 [main-26] INFO  com.sh.stt.util.PropertiesReader.readProperties - 读取项目配置文件
2020-06-09 22:05:10.528 [main-22] INFO  com.sh.stt.listener.LogListener.onStart - ====================www-selenium开始====================
2020-06-09 22:05:22.271 [main-167] INFO  com.sh.stt.base.BaseDriver.startBrowser - 浏览器：chrome 成功启动！
2020-06-09 22:05:23.245 [main-38] INFO  com.sh.stt.testcase.kdtsjf.AHKdtsjfTest.beforeClass - 进入 安徽宽带提速降费 页面
2020-06-09 22:05:23.261 [main-33] INFO  com.sh.stt.listener.LogListener.onTestStart - ========com.sh.stt.testcase.kdtsjf.AHKdtsjfTest.broadbandNewClothesListTest测试开始========
2020-06-09 22:05:23.325 [main-47] INFO  com.sh.stt.testcase.kdtsjf.AHKdtsjfTest.broadbandNewClothesListTest - 宽带新装
2020-06-09 22:06:23.417 [main-44] INFO  com.sh.stt.listener.LogListener.onTestSuccess - ========com.sh.stt.testcase.kdtsjf.AHKdtsjfTest.broadbandNewClothesListTest测试通过========
2020-06-09 22:06:26.328 [main-200] INFO  com.sh.stt.base.BaseDriver.closeBrowser - chrome浏览器已成功关闭！
2020-06-09 22:06:26.328 [main-79] INFO  com.sh.stt.listener.LogListener.onFinish - ====================www-selenium结束====================
2020-06-09 22:16:56.523 [main-26] INFO  com.sh.stt.util.PropertiesReader.readProperties - 读取项目配置文件
2020-06-09 22:16:56.539 [main-22] INFO  com.sh.stt.listener.LogListener.onStart - ====================www-selenium开始====================
2020-06-09 22:17:08.090 [main-167] INFO  com.sh.stt.base.BaseDriver.startBrowser - 浏览器：chrome 成功启动！
2020-06-09 22:17:08.736 [main-38] INFO  com.sh.stt.testcase.kdtsjf.AHKdtsjfTest.beforeClass - 进入 安徽宽带提速降费 页面
2020-06-09 22:17:08.750 [main-33] INFO  com.sh.stt.listener.LogListener.onTestStart - ========com.sh.stt.testcase.kdtsjf.AHKdtsjfTest.broadbandUpgradeListTest测试开始========
2020-06-09 22:17:08.826 [main-64] INFO  com.sh.stt.testcase.kdtsjf.AHKdtsjfTest.broadbandUpgradeListTest - 宽带升级
2020-06-09 22:17:20.754 [main-55] ERROR com.sh.stt.listener.LogListener.onTestFailure - ========com.sh.stt.testcase.kdtsjf.AHKdtsjfTest.broadbandUpgradeListTest测试失败,失败原因如下：
java.lang.Throwable========
2020-06-09 22:17:20.757 [main-32] INFO  com.sh.stt.util.ScreenshotUtil.capture - 开始截图
2020-06-09 22:17:24.346 [main-200] INFO  com.sh.stt.base.BaseDriver.closeBrowser - chrome浏览器已成功关闭！
2020-06-09 22:17:24.346 [main-79] INFO  com.sh.stt.listener.LogListener.onFinish - ====================www-selenium结束====================
2020-06-09 22:17:58.762 [main-26] INFO  com.sh.stt.util.PropertiesReader.readProperties - 读取项目配置文件
2020-06-09 22:17:58.777 [main-22] INFO  com.sh.stt.listener.LogListener.onStart - ====================www-selenium开始====================
2020-06-09 22:18:10.331 [main-167] INFO  com.sh.stt.base.BaseDriver.startBrowser - 浏览器：chrome 成功启动！
2020-06-09 22:18:12.247 [main-43] INFO  com.sh.stt.testcase.kdzq.AHKdzqTest.beforeClass - 进入 安徽宽带专区 页面
2020-06-09 22:18:12.259 [main-33] INFO  com.sh.stt.listener.LogListener.onTestStart - ========com.sh.stt.testcase.kdzq.AHKdzqTest.broadbandProductTest测试开始========
2020-06-09 22:18:12.298 [main-52] INFO  com.sh.stt.testcase.kdzq.AHKdzqTest.broadbandProductTest - 优质产品
2020-06-09 22:18:22.225 [main-44] INFO  com.sh.stt.listener.LogListener.onTestSuccess - ========com.sh.stt.testcase.kdzq.AHKdzqTest.broadbandProductTest测试通过========
2020-06-09 22:18:25.215 [main-200] INFO  com.sh.stt.base.BaseDriver.closeBrowser - chrome浏览器已成功关闭！
2020-06-09 22:18:25.215 [main-79] INFO  com.sh.stt.listener.LogListener.onFinish - ====================www-selenium结束====================
2020-06-09 22:18:46.073 [main-26] INFO  com.sh.stt.util.PropertiesReader.readProperties - 读取项目配置文件
2020-06-09 22:18:46.088 [main-22] INFO  com.sh.stt.listener.LogListener.onStart - ====================www-selenium开始====================
2020-06-09 22:18:57.555 [main-167] INFO  com.sh.stt.base.BaseDriver.startBrowser - 浏览器：chrome 成功启动！
2020-06-09 22:18:59.020 [main-43] INFO  com.sh.stt.testcase.kdzq.AHKdzqTest.beforeClass - 进入 安徽宽带专区 页面
2020-06-09 22:18:59.034 [main-33] INFO  com.sh.stt.listener.LogListener.onTestStart - ========com.sh.stt.testcase.kdzq.AHKdzqTest.broadbandServiceTest测试开始========
2020-06-09 22:18:59.073 [main-69] INFO  com.sh.stt.testcase.kdzq.AHKdzqTest.broadbandServiceTest - 宽带服务
2020-06-09 22:19:19.915 [main-44] INFO  com.sh.stt.listener.LogListener.onTestSuccess - ========com.sh.stt.testcase.kdzq.AHKdzqTest.broadbandServiceTest测试通过========
2020-06-09 22:19:22.920 [main-200] INFO  com.sh.stt.base.BaseDriver.closeBrowser - chrome浏览器已成功关闭！
2020-06-09 22:19:22.920 [main-79] INFO  com.sh.stt.listener.LogListener.onFinish - ====================www-selenium结束====================
2020-06-09 22:19:41.537 [main-26] INFO  com.sh.stt.util.PropertiesReader.readProperties - 读取项目配置文件
2020-06-09 22:19:41.553 [main-22] INFO  com.sh.stt.listener.LogListener.onStart - ====================www-selenium开始====================
2020-06-09 22:19:53.144 [main-167] INFO  com.sh.stt.base.BaseDriver.startBrowser - 浏览器：chrome 成功启动！
2020-06-09 22:19:54.001 [main-40] INFO  com.sh.stt.testcase.support.app.SupportAppTest.beforeClass - 进入 服务中心--终端应用--客户端下载 页面
2020-06-09 22:19:54.036 [main-33] INFO  com.sh.stt.listener.LogListener.onTestStart - ========com.sh.stt.testcase.support.app.SupportAppTest.supportAppListTest测试开始========
2020-06-09 22:20:23.242 [main-26] INFO  com.sh.stt.util.PropertiesReader.readProperties - 读取项目配置文件
2020-06-09 22:20:23.258 [main-22] INFO  com.sh.stt.listener.LogListener.onStart - ====================www-selenium开始====================
2020-06-09 22:20:34.717 [main-167] INFO  com.sh.stt.base.BaseDriver.startBrowser - 浏览器：chrome 成功启动！
2020-06-09 22:20:35.947 [main-35] INFO  com.sh.stt.testcase.support.entity.SupportEntityTest.beforeClass - 进入 服务中心--客户服务--实体营业厅 页面
2020-06-09 22:20:35.962 [main-33] INFO  com.sh.stt.listener.LogListener.onTestStart - ========com.sh.stt.testcase.support.entity.SupportEntityTest.supportEntityListTest测试开始========
2020-06-09 22:24:09.156 [main-44] INFO  com.sh.stt.listener.LogListener.onTestSuccess - ========com.sh.stt.testcase.support.entity.SupportEntityTest.supportEntityListTest测试通过========
2020-06-09 22:24:12.441 [main-200] INFO  com.sh.stt.base.BaseDriver.closeBrowser - chrome浏览器已成功关闭！
2020-06-09 22:24:12.441 [main-79] INFO  com.sh.stt.listener.LogListener.onFinish - ====================www-selenium结束====================
2020-06-09 23:24:57.032 [main-26] INFO  com.sh.stt.util.PropertiesReader.readProperties - 读取项目配置文件
2020-06-09 23:24:57.032 [main-22] INFO  com.sh.stt.listener.LogListener.onStart - ====================www-selenium开始====================
2020-06-09 23:25:08.573 [main-167] INFO  com.sh.stt.base.BaseDriver.startBrowser - 浏览器：chrome 成功启动！
2020-06-09 23:25:11.385 [main-45] INFO  com.sh.stt.testcase.webNotice.NavitationTest.beforeClass - 进入 网站信息--站点导航 页面
2020-06-09 23:25:11.401 [main-33] INFO  com.sh.stt.listener.LogListener.onTestStart - ========com.sh.stt.testcase.webNotice.NavitationTest.navigationListTest测试开始========
2020-06-09 23:25:45.505 [main-26] INFO  com.sh.stt.util.PropertiesReader.readProperties - 读取项目配置文件
2020-06-09 23:25:45.521 [main-22] INFO  com.sh.stt.listener.LogListener.onStart - ====================www-selenium开始====================
2020-06-09 23:25:57.046 [main-167] INFO  com.sh.stt.base.BaseDriver.startBrowser - 浏览器：chrome 成功启动！
2020-06-09 23:25:59.810 [main-43] INFO  com.sh.stt.testcase.webNotice.LinksTest.beforeClass - 进入 网站信息--友情链接 页面
2020-06-09 23:25:59.810 [main-33] INFO  com.sh.stt.listener.LogListener.onTestStart - ========com.sh.stt.testcase.webNotice.LinksTest.linksListTest测试开始========
2020-06-09 23:26:28.389 [main-26] INFO  com.sh.stt.util.PropertiesReader.readProperties - 读取项目配置文件
2020-06-09 23:26:28.405 [main-22] INFO  com.sh.stt.listener.LogListener.onStart - ====================www-selenium开始====================
2020-06-09 23:26:39.871 [main-167] INFO  com.sh.stt.base.BaseDriver.startBrowser - 浏览器：chrome 成功启动！
2020-06-09 23:26:42.600 [main-43] INFO  com.sh.stt.testcase.support.serviceFee.SupportServiceProductTest.beforeClass - 进入 服务中心--业务资费--产品 页面
2020-06-09 23:26:42.616 [main-33] INFO  com.sh.stt.listener.LogListener.onTestStart - ========com.sh.stt.testcase.support.serviceFee.SupportServiceProductTest.supportServiceProductListTest测试开始========
2020-06-09 23:27:16.041 [main-26] INFO  com.sh.stt.util.PropertiesReader.readProperties - 读取项目配置文件
2020-06-09 23:27:16.041 [main-22] INFO  com.sh.stt.listener.LogListener.onStart - ====================www-selenium开始====================
2020-06-09 23:27:27.696 [main-167] INFO  com.sh.stt.base.BaseDriver.startBrowser - 浏览器：chrome 成功启动！
2020-06-09 23:27:28.496 [main-39] INFO  com.sh.stt.testcase.support.online.AHSupportOnlineTest.beforeClass - 进入 服务中心--客户服务--安徽网上营业厅 页面
2020-06-09 23:27:28.512 [main-33] INFO  com.sh.stt.listener.LogListener.onTestStart - ========com.sh.stt.testcase.support.online.AHSupportOnlineTest.supportOnlineListTest测试开始========
2020-06-09 23:27:28.586 [main-65] INFO  com.sh.stt.testcase.support.online.AHSupportOnlineTest.supportOnlineListTest - 其他商城专区
2020-06-09 23:28:00.363 [main-26] INFO  com.sh.stt.util.PropertiesReader.readProperties - 读取项目配置文件
2020-06-09 23:28:00.378 [main-22] INFO  com.sh.stt.listener.LogListener.onStart - ====================www-selenium开始====================
2020-06-09 23:28:11.803 [main-167] INFO  com.sh.stt.base.BaseDriver.startBrowser - 浏览器：chrome 成功启动！
2020-06-09 23:28:12.918 [main-43] INFO  com.sh.stt.testcase.support.index.SCSupportIndexTest.beforeClass - 进入 四川服务中心首页 页面
2020-06-09 23:28:12.934 [main-33] INFO  com.sh.stt.listener.LogListener.onTestStart - ========com.sh.stt.testcase.support.index.SCSupportIndexTest.supportTerUtiListTest测试开始========
2020-06-09 23:28:13.005 [main-149] INFO  com.sh.stt.testcase.support.index.SCSupportIndexTest.supportTerUtiListTest - 终端应用
2020-06-09 23:28:41.474 [main-26] INFO  com.sh.stt.util.PropertiesReader.readProperties - 读取项目配置文件
2020-06-09 23:28:41.474 [main-22] INFO  com.sh.stt.listener.LogListener.onStart - ====================www-selenium开始====================
2020-06-09 23:28:52.945 [main-167] INFO  com.sh.stt.base.BaseDriver.startBrowser - 浏览器：chrome 成功启动！
2020-06-09 23:28:55.060 [main-42] INFO  com.sh.stt.testcase.support.events.HNSupportEventsTest.beforeClass - 进入 服务中心--客户服务--湖南优惠专区 页面
2020-06-09 23:28:55.075 [main-33] INFO  com.sh.stt.listener.LogListener.onTestStart - ========com.sh.stt.testcase.support.events.HNSupportEventsTest.supportEventsContentListTest测试开始========
2020-06-09 23:29:26.977 [main-26] INFO  com.sh.stt.util.PropertiesReader.readProperties - 读取项目配置文件
2020-06-09 23:29:26.993 [main-22] INFO  com.sh.stt.listener.LogListener.onStart - ====================www-selenium开始====================
2020-06-09 23:29:38.452 [main-167] INFO  com.sh.stt.base.BaseDriver.startBrowser - 浏览器：chrome 成功启动！
2020-06-09 23:29:39.771 [main-35] INFO  com.sh.stt.testcase.support.entity.SupportEntityTest.beforeClass - 进入 服务中心--客户服务--实体营业厅 页面
2020-06-09 23:29:39.793 [main-33] INFO  com.sh.stt.listener.LogListener.onTestStart - ========com.sh.stt.testcase.support.entity.SupportEntityTest.supportEntityListTest测试开始========
2020-06-09 23:30:07.708 [main-26] INFO  com.sh.stt.util.PropertiesReader.readProperties - 读取项目配置文件
2020-06-09 23:30:07.723 [main-22] INFO  com.sh.stt.listener.LogListener.onStart - ====================www-selenium开始====================
2020-06-09 23:30:19.145 [main-167] INFO  com.sh.stt.base.BaseDriver.startBrowser - 浏览器：chrome 成功启动！
2020-06-09 23:30:25.102 [main-42] INFO  com.sh.stt.testcase.kdzq.CQKdzqTest.beforeClass - 进入 重庆宽带专区 页面
2020-06-09 23:30:25.118 [main-33] INFO  com.sh.stt.listener.LogListener.onTestStart - ========com.sh.stt.testcase.kdzq.CQKdzqTest.broadbandProductTest测试开始========
2020-06-09 23:30:25.147 [main-51] INFO  com.sh.stt.testcase.kdzq.CQKdzqTest.broadbandProductTest - 优质产品
2020-06-09 23:30:27.250 [main-44] INFO  com.sh.stt.listener.LogListener.onTestSuccess - ========com.sh.stt.testcase.kdzq.CQKdzqTest.broadbandProductTest测试通过========
2020-06-09 23:30:30.126 [main-200] INFO  com.sh.stt.base.BaseDriver.closeBrowser - chrome浏览器已成功关闭！
2020-06-09 23:30:30.126 [main-79] INFO  com.sh.stt.listener.LogListener.onFinish - ====================www-selenium结束====================
2020-06-09 23:30:45.148 [main-26] INFO  com.sh.stt.util.PropertiesReader.readProperties - 读取项目配置文件
2020-06-09 23:30:45.148 [main-22] INFO  com.sh.stt.listener.LogListener.onStart - ====================www-selenium开始====================
2020-06-09 23:30:56.637 [main-167] INFO  com.sh.stt.base.BaseDriver.startBrowser - 浏览器：chrome 成功启动！
2020-06-09 23:30:57.348 [main-38] INFO  com.sh.stt.testcase.kdtsjf.AHKdtsjfTest.beforeClass - 进入 安徽宽带提速降费 页面
2020-06-09 23:30:57.364 [main-33] INFO  com.sh.stt.listener.LogListener.onTestStart - ========com.sh.stt.testcase.kdtsjf.AHKdtsjfTest.broadbandNewClothesListTest测试开始========
2020-06-09 23:30:57.422 [main-47] INFO  com.sh.stt.testcase.kdtsjf.AHKdtsjfTest.broadbandNewClothesListTest - 宽带新装
2020-06-09 23:30:59.498 [main-44] INFO  com.sh.stt.listener.LogListener.onTestSuccess - ========com.sh.stt.testcase.kdtsjf.AHKdtsjfTest.broadbandNewClothesListTest测试通过========
2020-06-09 23:31:02.359 [main-200] INFO  com.sh.stt.base.BaseDriver.closeBrowser - chrome浏览器已成功关闭！
2020-06-09 23:31:02.359 [main-79] INFO  com.sh.stt.listener.LogListener.onFinish - ====================www-selenium结束====================
2020-06-09 23:31:11.846 [main-26] INFO  com.sh.stt.util.PropertiesReader.readProperties - 读取项目配置文件
2020-06-09 23:31:11.862 [main-22] INFO  com.sh.stt.listener.LogListener.onStart - ====================www-selenium开始====================
2020-06-09 23:31:23.299 [main-167] INFO  com.sh.stt.base.BaseDriver.startBrowser - 浏览器：chrome 成功启动！
2020-06-09 23:31:24.029 [main-38] INFO  com.sh.stt.testcase.kdtsjf.AHKdtsjfTest.beforeClass - 进入 安徽宽带提速降费 页面
2020-06-09 23:31:24.045 [main-33] INFO  com.sh.stt.listener.LogListener.onTestStart - ========com.sh.stt.testcase.kdtsjf.AHKdtsjfTest.broadbandUpgradeListTest测试开始========
2020-06-09 23:31:24.098 [main-64] INFO  com.sh.stt.testcase.kdtsjf.AHKdtsjfTest.broadbandUpgradeListTest - 宽带升级
2020-06-09 23:31:35.970 [main-55] ERROR com.sh.stt.listener.LogListener.onTestFailure - ========com.sh.stt.testcase.kdtsjf.AHKdtsjfTest.broadbandUpgradeListTest测试失败,失败原因如下：
java.lang.Throwable========
2020-06-09 23:31:35.972 [main-32] INFO  com.sh.stt.util.ScreenshotUtil.capture - 开始截图
2020-06-09 23:31:39.566 [main-200] INFO  com.sh.stt.base.BaseDriver.closeBrowser - chrome浏览器已成功关闭！
2020-06-09 23:31:39.566 [main-79] INFO  com.sh.stt.listener.LogListener.onFinish - ====================www-selenium结束====================
2020-06-09 23:36:01.131 [main-26] INFO  com.sh.stt.util.PropertiesReader.readProperties - 读取项目配置文件
2020-06-09 23:36:01.147 [main-22] INFO  com.sh.stt.listener.LogListener.onStart - ====================www-selenium开始====================
2020-06-09 23:36:12.574 [main-167] INFO  com.sh.stt.base.BaseDriver.startBrowser - 浏览器：chrome 成功启动！
2020-06-09 23:36:15.165 [main-47] INFO  com.sh.stt.testcase.webNotice.ContactTest.beforeClass - 进入 网站信息--联系我们 页面
2020-06-09 23:36:15.181 [main-33] INFO  com.sh.stt.listener.LogListener.onTestStart - ========com.sh.stt.testcase.webNotice.ContactTest.contactListTest测试开始========
2020-06-09 23:36:25.173 [main-55] ERROR com.sh.stt.listener.LogListener.onTestFailure - ========com.sh.stt.testcase.webNotice.ContactTest.contactListTest测试失败,失败原因如下：
org.openqa.selenium.NoSuchElementException: no such element: Unable to locate element: {"method":"xpath","selector":"//a[@href='http://www.10086.cn/aboutus/news/groupnews/index_detail_11313.html?id=11313']"}
  (Session info: chrome=80.0.3987.163)
For documentation on this error, please visit: https://www.seleniumhq.org/exceptions/no_such_element.html
Build info: version: '3.141.59', revision: 'e82be7d358', time: '2018-11-14T08:17:03'
System info: host: 'DESKTOP-R49NI58', ip: '192.168.72.2', os.name: 'Windows 10', os.arch: 'amd64', os.version: '10.0', java.version: '1.8.0_241'
Driver info: org.openqa.selenium.chrome.ChromeDriver
Capabilities {acceptInsecureCerts: false, browserName: chrome, browserVersion: 80.0.3987.163, chrome: {chromedriverVersion: 80.0.3987.106 (f68069574609..., userDataDir: C:\Users\ADMINI~1\AppData\L...}, goog:chromeOptions: {debuggerAddress: localhost:56677}, javascriptEnabled: true, networkConnectionEnabled: false, pageLoadStrategy: normal, platform: WINDOWS, platformName: WINDOWS, proxy: Proxy(), setWindowRect: true, strictFileInteractability: false, timeouts: {implicit: 0, pageLoad: 300000, script: 30000}, unhandledPromptBehavior: dismiss and notify}
Session ID: d9731a8c1dd6ddba852cde1a578af012
*** Element info: {Using=xpath, value=//a[@href='http://www.10086.cn/aboutus/news/groupnews/index_detail_11313.html?id=11313']}========
2020-06-09 23:36:25.173 [main-32] INFO  com.sh.stt.util.ScreenshotUtil.capture - 开始截图
2020-06-09 23:36:28.734 [main-200] INFO  com.sh.stt.base.BaseDriver.closeBrowser - chrome浏览器已成功关闭！
2020-06-09 23:36:28.734 [main-79] INFO  com.sh.stt.listener.LogListener.onFinish - ====================www-selenium结束====================
2020-06-09 23:38:58.426 [main-26] INFO  com.sh.stt.util.PropertiesReader.readProperties - 读取项目配置文件
2020-06-09 23:38:58.441 [main-22] INFO  com.sh.stt.listener.LogListener.onStart - ====================www-selenium开始====================
2020-06-09 23:39:09.958 [main-167] INFO  com.sh.stt.base.BaseDriver.startBrowser - 浏览器：chrome 成功启动！
2020-06-09 23:39:12.713 [main-47] INFO  com.sh.stt.testcase.webNotice.ContactTest.beforeClass - 进入 网站信息--联系我们 页面
2020-06-09 23:39:12.713 [main-33] INFO  com.sh.stt.listener.LogListener.onTestStart - ========com.sh.stt.testcase.webNotice.ContactTest.contactListTest测试开始========
